// 重构日志: 7f1e536b
// 重构日志: b32ea57b
// 同步 ID: b3d59eda @ Sun Jun 28 05:59:53 UTC 2026
// 同步 ID: 3f9db093 @ Sun Jun 28 11:27:01 UTC 2026
// 同步 ID: f22680a6 @ Tue Jun 30 12:23:20 UTC 2026
// 同步 ID: 9911d3b7 @ Wed Jul  1 07:35:10 UTC 2026
// 重构日志: eb3cdec2
// 重构日志: 606dfd6e
// 重构日志: a1970048
// 同步 ID: c67303f8 @ Fri Jul  3 15:01:20 UTC 2026
// 同步 ID: b5a55878 @ Sat Jul  4 18:26:16 UTC 2026
// 重构日志: 87dae5f2
// 重构日志: 17d85fe9
// 重构日志: be4ff1fe
// 重构日志: 69c6f48f
// 同步 ID: c2c00d03 @ Tue Jul  7 01:33:43 UTC 2026
// 重构日志: fe5ef3b4
// 重构日志: 43f9cd18
// 重构日志: d075288f
// 重构日志: 75c04362
// 同步 ID: a0e37a15 @ Fri Jul 10 05:47:54 UTC 2026
// 重构日志: 00bdbd37
// 重构日志: 3d37c805
// 同步 ID: f079cf8c @ Sat Jul 11 11:35:35 UTC 2026
// 重构日志: 01a8718b
// 同步 ID: 7f37ac18 @ Sat Jul 11 18:20:17 UTC 2026
// 重构日志: aea42fe1
// 重构日志: 41345d8f
// 重构日志: 254a5fd2
// 同步 ID: 4b5b2910 @ Tue Jul 14 01:27:48 UTC 2026
// 重构日志: 0f66819f
